{"uuid":"b26eab95-65f1-4af3-8158-8686a77e549a","historyId":"73862142cc5d1697df551e41d8775a75","fullName":"CheckOutTests.CheckoutTest.loginBeforeCheckoutTc16","labels":[{"name":"package","value":"CheckOutTests.CheckoutTest"},{"name":"testClass","value":"CheckOutTests.CheckoutTest"},{"name":"testMethod","value":"loginBeforeCheckoutTc16"},{"name":"parentSuite","value":"Default Suite"},{"name":"suite","value":"automationexercise"},{"name":"subSuite","value":"CheckOutTests.CheckoutTest"},{"name":"host","value":"DESKTOP-PCSDTOG"},{"name":"thread","value":"1916@DESKTOP-PCSDTOG.main(1)"},{"name":"framework","value":"testng"},{"name":"language","value":"java"}],"links":[],"name":"loginBeforeCheckoutTc16","status":"failed","statusDetails":{"known":false,"muted":false,"flaky":false,"message":"Assertion \"ValidateElementAttribute\" FAILED. Expected \"Value Should be 'Value Should be 'Your order has been placed successfully!' for the 'text' attribute, element locator 'By.xpath: /html/body/section/div/div[3]/div/div[2]/form/div[4]/div/div'\" and Actual \"Failed to read the desired element attribute\". Comparison Type \"CONTAINS\". Validation Type \"POSITIVE\". Root cause: \"org.openqa.selenium.NoSuchElementException: Unable to locate element: /html/body/section/div/div[3]/div/div[2]/form/div[4]/div/div\"","trace":"java.lang.AssertionError: Assertion \"ValidateElementAttribute\" FAILED. Expected \"Value Should be 'Value Should be 'Your order has been placed successfully!' for the 'text' attribute, element locator 'By.xpath: /html/body/section/div/div[3]/div/div[2]/form/div[4]/div/div'\" and Actual \"Failed to read the desired element attribute\". Comparison Type \"CONTAINS\". Validation Type \"POSITIVE\". Root cause: \"org.openqa.selenium.NoSuchElementException: Unable to locate element: /html/body/section/div/div[3]/div/div[2]/form/div[4]/div/div\"\r\n\tat org.testng.Assert.fail(Assert.java:99)\r\n\tat com.shaft.tools.io.internal.FailureReporter.fail(FailureReporter.java:38)\r\n\tat com.shaft.validation.internal.ValidationsHelper.reportValidationState(ValidationsHelper.java:653)\r\n\tat com.shaft.validation.internal.ValidationsHelper.fail(ValidationsHelper.java:400)\r\n\tat com.shaft.validation.internal.ValidationsHelper.validateElementAttribute(ValidationsHelper.java:164)\r\n\tat com.shaft.validation.internal.ValidationsExecutor.performValidation(ValidationsExecutor.java:164)\r\n\tat com.shaft.validation.internal.ValidationsExecutor.perform(ValidationsExecutor.java:146)\r\n\tat CheckOutTests.CheckoutTest.loginBeforeCheckoutTc16(CheckoutTest.java:79)\r\n\tat java.base/jdk.internal.reflect.DirectMethodHandleAccessor.invoke(DirectMethodHandleAccessor.java:103)\r\n\tat java.base/java.lang.reflect.Method.invoke(Method.java:580)\r\n\tat org.testng.internal.invokers.MethodInvocationHelper.invokeMethod(MethodInvocationHelper.java:139)\r\n\tat org.testng.internal.invokers.TestInvoker.invokeMethod(TestInvoker.java:664)\r\n\tat org.testng.internal.invokers.TestInvoker.invokeTestMethod(TestInvoker.java:228)\r\n\tat org.testng.internal.invokers.MethodRunner.runInSequence(MethodRunner.java:63)\r\n\tat org.testng.internal.invokers.TestInvoker$MethodInvocationAgent.invoke(TestInvoker.java:961)\r\n\tat org.testng.internal.invokers.TestInvoker.invokeTestMethods(TestInvoker.java:201)\r\n\tat org.testng.internal.invokers.TestMethodWorker.invokeTestMethods(TestMethodWorker.java:148)\r\n\tat org.testng.internal.invokers.TestMethodWorker.run(TestMethodWorker.java:128)\r\n\tat java.base/java.util.ArrayList.forEach(ArrayList.java:1596)\r\n\tat org.testng.TestRunner.privateRun(TestRunner.java:819)\r\n\tat org.testng.TestRunner.run(TestRunner.java:619)\r\n\tat org.testng.SuiteRunner.runTest(SuiteRunner.java:443)\r\n\tat org.testng.SuiteRunner.runSequentially(SuiteRunner.java:437)\r\n\tat org.testng.SuiteRunner.privateRun(SuiteRunner.java:397)\r\n\tat org.testng.SuiteRunner.run(SuiteRunner.java:336)\r\n\tat org.testng.SuiteRunnerWorker.runSuite(SuiteRunnerWorker.java:52)\r\n\tat org.testng.SuiteRunnerWorker.run(SuiteRunnerWorker.java:95)\r\n\tat org.testng.TestNG.runSuitesSequentially(TestNG.java:1301)\r\n\tat org.testng.TestNG.runSuitesLocally(TestNG.java:1228)\r\n\tat org.testng.TestNG.runSuites(TestNG.java:1134)\r\n\tat org.testng.TestNG.run(TestNG.java:1101)\r\n\tat com.intellij.rt.testng.IDEARemoteTestNG.run(IDEARemoteTestNG.java:65)\r\n\tat com.intellij.rt.testng.RemoteTestNGStarter.main(RemoteTestNGStarter.java:105)\r\nCaused by: java.lang.AssertionError: Failed to Get text from \"By.xpath: /html/body/section/div/div[3]/div/div[2]/form/div[4]/div/div\".\r\n\tat org.testng.Assert.fail(Assert.java:99)\r\n\tat com.shaft.gui.element.internal.ElementActionsHelper.failAction(ElementActionsHelper.java:1130)\r\n\tat com.shaft.gui.element.internal.ElementActionsHelper.failAction(ElementActionsHelper.java:1061)\r\n\tat com.shaft.gui.element.ElementActions.getText(ElementActions.java:524)\r\n\tat com.shaft.validation.internal.ValidationsHelper.validateElementAttribute(ValidationsHelper.java:152)\r\n\t... 28 more\r\nCaused by: java.lang.AssertionError: Failed to identify unique element using this locator \"By.xpath: /html/body/section/div/div[3]/div/div[2]/form/div[4]/div/div\" Root cause: \"org.openqa.selenium.NoSuchElementException: Unable to locate element: /html/body/section/div/div[3]/div/div[2]/form/div[4]/div/div\"\r\n\tat org.testng.Assert.fail(Assert.java:99)\r\n\tat com.shaft.tools.io.internal.FailureReporter.fail(FailureReporter.java:38)\r\n\tat com.shaft.gui.element.internal.ElementActionsHelper.identifyUniqueElement(ElementActionsHelper.java:970)\r\n\tat com.shaft.gui.element.internal.ElementActionsHelper.identifyUniqueElementIgnoringVisibility(ElementActionsHelper.java:958)\r\n\tat com.shaft.gui.element.ElementActions.getText(ElementActions.java:495)\r\n\t... 29 more\r\nCaused by: org.openqa.selenium.TimeoutException: Expected condition failed: waiting for com.shaft.gui.element.internal.ElementActionsHelper$$Lambda/0x000001809d7294d8@5dc9cb99 (tried for 60 second(s) with 100 milliseconds interval)\r\n\tat org.openqa.selenium.support.ui.FluentWait.timeoutException(FluentWait.java:261)\r\n\tat org.openqa.selenium.support.ui.FluentWait.until(FluentWait.java:229)\r\n\tat com.shaft.gui.element.internal.ElementActionsHelper.waitForElementPresence(ElementActionsHelper.java:176)\r\n\tat com.shaft.gui.element.internal.ElementActionsHelper.getMatchingElementsInformation(ElementActionsHelper.java:1000)\r\n\tat com.shaft.gui.element.internal.ElementActionsHelper.identifyUniqueElement(ElementActionsHelper.java:963)\r\n\t... 31 more\r\nCaused by: org.openqa.selenium.NoSuchElementException: Unable to locate element: /html/body/section/div/div[3]/div/div[2]/form/div[4]/div/div\nFor documentation on this error, please visit: https://www.selenium.dev/documentation/webdriver/troubleshooting/errors#no-such-element-exception\nBuild info: version: '4.16.1', revision: '9b4c83354e'\nSystem info: os.name: 'Windows 10', os.arch: 'amd64', os.version: '10.0', java.version: '21.0.2'\nDriver info: org.openqa.selenium.firefox.FirefoxDriver\nCommand: [75a5fb93-94b4-43d5-aeb3-df0678a7beb8, findElement {using=xpath, value=/html/body/section/div/div[3]/div/div[2]/form/div[4]/div/div}]\nCapabilities {acceptInsecureCerts: true, browserName: firefox, browserVersion: 122.0.1, moz:accessibilityChecks: false, moz:buildID: 20240205133611, moz:debuggerAddress: 127.0.0.1:11768, moz:geckodriverVersion: 0.34.0, moz:headless: false, moz:platformVersion: 10.0, moz:processID: 14076, moz:profile: C:\\Users\\SARA~1.OMA\\AppData..., moz:shutdownTimeout: 60000, moz:webdriverClick: true, moz:windowless: false, pageLoadStrategy: normal, platformName: windows, proxy: Proxy(), se:cdp: ws://127.0.0.1:11768/devtoo..., se:cdpVersion: 85.0, setWindowRect: true, strictFileInteractability: false, timeouts: {implicit: 0, pageLoad: 60000, script: 60000}, unhandledPromptBehavior: dismiss and notify, webSocketUrl: ws://127.0.0.1:11768/sessio...}\nSession ID: 75a5fb93-94b4-43d5-aeb3-df0678a7beb8\r\n\tat java.base/jdk.internal.reflect.DirectConstructorHandleAccessor.newInstance(DirectConstructorHandleAccessor.java:62)\r\n\tat java.base/java.lang.reflect.Constructor.newInstanceWithCaller(Constructor.java:502)\r\n\tat java.base/java.lang.reflect.Constructor.newInstance(Constructor.java:486)\r\n\tat org.openqa.selenium.remote.codec.w3c.W3CHttpResponseCodec.createException(W3CHttpResponseCodec.java:200)\r\n\tat org.openqa.selenium.remote.codec.w3c.W3CHttpResponseCodec.decode(W3CHttpResponseCodec.java:133)\r\n\tat org.openqa.selenium.remote.codec.w3c.W3CHttpResponseCodec.decode(W3CHttpResponseCodec.java:52)\r\n\tat org.openqa.selenium.remote.HttpCommandExecutor.execute(HttpCommandExecutor.java:191)\r\n\tat org.openqa.selenium.remote.service.DriverCommandExecutor.invokeExecute(DriverCommandExecutor.java:200)\r\n\tat org.openqa.selenium.remote.service.DriverCommandExecutor.execute(DriverCommandExecutor.java:175)\r\n\tat org.openqa.selenium.remote.RemoteWebDriver.execute(RemoteWebDriver.java:523)\r\n\tat org.openqa.selenium.remote.ElementLocation$ElementFinder$2.findElement(ElementLocation.java:165)\r\n\tat org.openqa.selenium.remote.ElementLocation.findElement(ElementLocation.java:59)\r\n\tat org.openqa.selenium.remote.RemoteWebDriver.findElement(RemoteWebDriver.java:360)\r\n\tat org.openqa.selenium.remote.RemoteWebDriver.findElement(RemoteWebDriver.java:354)\r\n\tat com.shaft.gui.element.internal.ElementActionsHelper.lambda$waitForElementPresence$0(ElementActionsHelper.java:190)\r\n\tat org.openqa.selenium.support.ui.FluentWait.until(FluentWait.java:204)\r\n\t... 34 more\r\n"},"stage":"finished","steps":[{"name":"Click \" Signup / Login\".","status":"passed","stage":"finished","steps":[],"attachments":[],"parameters":[],"start":1707730810141,"stop":1707730810141},{"name":"Type \"sarah124@gmail.com\" into \"Email Address\".","status":"passed","stage":"finished","steps":[],"attachments":[],"parameters":[],"start":1707730810407,"stop":1707730810407},{"name":"Type \"123456\" into \"Password\".","status":"passed","stage":"finished","steps":[],"attachments":[],"parameters":[],"start":1707730810618,"stop":1707730810618},{"name":"Click \"Login\".","status":"passed","stage":"finished","steps":[],"attachments":[],"parameters":[],"start":1707730815624,"stop":1707730815625},{"name":"Scroll to element \"By.xpath: /html/body/section[2]/div/div/div[2]/div[1]/div[3]/div/div[1]/div[2]\".","status":"passed","stage":"finished","steps":[],"attachments":[],"parameters":[],"start":1707730815848,"stop":1707730815848},{"name":"Hover over \"By.xpath: /html/body/section[2]/div/div/div[2]/div[1]/div[3]/div/div[1]/div[2]\".","status":"passed","stage":"finished","steps":[],"attachments":[],"parameters":[],"start":1707730816181,"stop":1707730816182},{"name":"Get text \"Rs. 400\nMen Tshirt\nAdd to cart\" from \"By.xpath: /html/body/section[2]/div/div/div[2]/div[1]/div[3]/div/div[1]/div[2]\".","status":"passed","stage":"finished","steps":[],"attachments":[],"parameters":[],"start":1707730816386,"stop":1707730816386},{"name":"Click \"Add to cart\".","status":"passed","stage":"finished","steps":[],"attachments":[],"parameters":[],"start":1707730816899,"stop":1707730816899},{"name":"Get text \"Add to cart\" from \"Add to cart\".","status":"passed","stage":"finished","steps":[],"attachments":[],"parameters":[],"start":1707730817070,"stop":1707730817070},{"name":"Click \"By.xpath: //u[normalize-space()='View Cart']\".","status":"passed","stage":"finished","steps":[],"attachments":[],"parameters":[],"start":1707730819254,"stop":1707730819254},{"name":"Click \"Proceed To Checkout\".","status":"passed","stage":"finished","steps":[],"attachments":[],"parameters":[],"start":1707730821387,"stop":1707730821387},{"name":"Click \"Place Order\".","status":"passed","stage":"finished","steps":[],"attachments":[],"parameters":[],"start":1707730822695,"stop":1707730822695},{"name":"Type \"test\" into \"By.xpath: //input[@name='name_on_card']\".","status":"passed","stage":"finished","steps":[],"attachments":[],"parameters":[],"start":1707730823023,"stop":1707730823023},{"name":"Type \"22222\" into \"By.xpath: //input[@name='card_number']\".","status":"passed","stage":"finished","steps":[],"attachments":[],"parameters":[],"start":1707730823232,"stop":1707730823232},{"name":"Type \"222\" into \"ex. 311\".","status":"passed","stage":"finished","steps":[],"attachments":[],"parameters":[],"start":1707730823413,"stop":1707730823413},{"name":"Type \"2\" into \"MM\".","status":"passed","stage":"finished","steps":[],"attachments":[],"parameters":[],"start":1707730823568,"stop":1707730823568},{"name":"Type \"1222\" into \"YYYY\".","status":"passed","stage":"finished","steps":[],"attachments":[],"parameters":[],"start":1707730823708,"stop":1707730823708},{"name":"Click \"Pay and Confirm Order\".","status":"passed","stage":"finished","steps":[],"attachments":[],"parameters":[],"start":1707730827317,"stop":1707730827317},{"name":"Perform navigation action \"Navigate BACK to https://automationexercise.com/payment\".","status":"passed","stage":"finished","steps":[],"attachments":[],"parameters":[],"start":1707730829198,"stop":1707730829198},{"name":"Wait to be ready \"Waited for the element's state of visibility to be (false). Element locator (By.xpath: /html/body/section/div/div[3]/div/div[2]/form/div[4]/div/div)\" against \"By.xpath: /html/body/section/div/div[3]/div/div[2]/form/div[4]/div/div\".","status":"passed","stage":"finished","steps":[],"attachments":[],"parameters":[],"start":1707730829296,"stop":1707730829296},{"name":"Get text \"Your order has been placed successfully!\" from \"By.xpath: /html/body/section/div/div[3]/div/div[2]/form/div[4]/div/div\".","status":"passed","stage":"finished","steps":[],"attachments":[],"parameters":[],"start":1707730829436,"stop":1707730829436},{"name":"Click \"Pay and Confirm Order\".","status":"passed","stage":"finished","steps":[],"attachments":[],"parameters":[],"start":1707730832302,"stop":1707730832302},{"name":" Assert that element attribute equals","status":"failed","statusDetails":{"known":false,"muted":false,"flaky":false,"message":"Assertion \"ValidateElementAttribute\" FAILED. Expected \"Value Should be 'Value Should be 'Your order has been placed successfully!' for the 'text' attribute, element locator 'By.xpath: /html/body/section/div/div[3]/div/div[2]/form/div[4]/div/div'\" and Actual \"Failed to read the desired element attribute\". Comparison Type \"CONTAINS\". Validation Type \"POSITIVE\". Root cause: \"org.openqa.selenium.NoSuchElementException: Unable to locate element: /html/body/section/div/div[3]/div/div[2]/form/div[4]/div/div\"","trace":"java.lang.AssertionError: Assertion \"ValidateElementAttribute\" FAILED. Expected \"Value Should be 'Value Should be 'Your order has been placed successfully!' for the 'text' attribute, element locator 'By.xpath: /html/body/section/div/div[3]/div/div[2]/form/div[4]/div/div'\" and Actual \"Failed to read the desired element attribute\". Comparison Type \"CONTAINS\". Validation Type \"POSITIVE\". Root cause: \"org.openqa.selenium.NoSuchElementException: Unable to locate element: /html/body/section/div/div[3]/div/div[2]/form/div[4]/div/div\"\r\n\tat org.testng.Assert.fail(Assert.java:99)\r\n\tat com.shaft.tools.io.internal.FailureReporter.fail(FailureReporter.java:38)\r\n\tat com.shaft.validation.internal.ValidationsHelper.reportValidationState(ValidationsHelper.java:653)\r\n\tat com.shaft.validation.internal.ValidationsHelper.fail(ValidationsHelper.java:400)\r\n\tat com.shaft.validation.internal.ValidationsHelper.validateElementAttribute(ValidationsHelper.java:164)\r\n\tat com.shaft.validation.internal.ValidationsExecutor.performValidation(ValidationsExecutor.java:164)\r\n\tat com.shaft.validation.internal.ValidationsExecutor.perform(ValidationsExecutor.java:146)\r\n\tat CheckOutTests.CheckoutTest.loginBeforeCheckoutTc16(CheckoutTest.java:79)\r\n\tat java.base/jdk.internal.reflect.DirectMethodHandleAccessor.invoke(DirectMethodHandleAccessor.java:103)\r\n\tat java.base/java.lang.reflect.Method.invoke(Method.java:580)\r\n\tat org.testng.internal.invokers.MethodInvocationHelper.invokeMethod(MethodInvocationHelper.java:139)\r\n\tat org.testng.internal.invokers.TestInvoker.invokeMethod(TestInvoker.java:664)\r\n\tat org.testng.internal.invokers.TestInvoker.invokeTestMethod(TestInvoker.java:228)\r\n\tat org.testng.internal.invokers.MethodRunner.runInSequence(MethodRunner.java:63)\r\n\tat org.testng.internal.invokers.TestInvoker$MethodInvocationAgent.invoke(TestInvoker.java:961)\r\n\tat org.testng.internal.invokers.TestInvoker.invokeTestMethods(TestInvoker.java:201)\r\n\tat org.testng.internal.invokers.TestMethodWorker.invokeTestMethods(TestMethodWorker.java:148)\r\n\tat org.testng.internal.invokers.TestMethodWorker.run(TestMethodWorker.java:128)\r\n\tat java.base/java.util.ArrayList.forEach(ArrayList.java:1596)\r\n\tat org.testng.TestRunner.privateRun(TestRunner.java:819)\r\n\tat org.testng.TestRunner.run(TestRunner.java:619)\r\n\tat org.testng.SuiteRunner.runTest(SuiteRunner.java:443)\r\n\tat org.testng.SuiteRunner.runSequentially(SuiteRunner.java:437)\r\n\tat org.testng.SuiteRunner.privateRun(SuiteRunner.java:397)\r\n\tat org.testng.SuiteRunner.run(SuiteRunner.java:336)\r\n\tat org.testng.SuiteRunnerWorker.runSuite(SuiteRunnerWorker.java:52)\r\n\tat org.testng.SuiteRunnerWorker.run(SuiteRunnerWorker.java:95)\r\n\tat org.testng.TestNG.runSuitesSequentially(TestNG.java:1301)\r\n\tat org.testng.TestNG.runSuitesLocally(TestNG.java:1228)\r\n\tat org.testng.TestNG.runSuites(TestNG.java:1134)\r\n\tat org.testng.TestNG.run(TestNG.java:1101)\r\n\tat com.intellij.rt.testng.IDEARemoteTestNG.run(IDEARemoteTestNG.java:65)\r\n\tat com.intellij.rt.testng.RemoteTestNGStarter.main(RemoteTestNGStarter.java:105)\r\nCaused by: java.lang.AssertionError: Failed to Get text from \"By.xpath: /html/body/section/div/div[3]/div/div[2]/form/div[4]/div/div\".\r\n\tat org.testng.Assert.fail(Assert.java:99)\r\n\tat com.shaft.gui.element.internal.ElementActionsHelper.failAction(ElementActionsHelper.java:1130)\r\n\tat com.shaft.gui.element.internal.ElementActionsHelper.failAction(ElementActionsHelper.java:1061)\r\n\tat com.shaft.gui.element.ElementActions.getText(ElementActions.java:524)\r\n\tat com.shaft.validation.internal.ValidationsHelper.validateElementAttribute(ValidationsHelper.java:152)\r\n\t... 28 more\r\nCaused by: java.lang.AssertionError: Failed to identify unique element using this locator \"By.xpath: /html/body/section/div/div[3]/div/div[2]/form/div[4]/div/div\" Root cause: \"org.openqa.selenium.NoSuchElementException: Unable to locate element: /html/body/section/div/div[3]/div/div[2]/form/div[4]/div/div\"\r\n\tat org.testng.Assert.fail(Assert.java:99)\r\n\tat com.shaft.tools.io.internal.FailureReporter.fail(FailureReporter.java:38)\r\n\tat com.shaft.gui.element.internal.ElementActionsHelper.identifyUniqueElement(ElementActionsHelper.java:970)\r\n\tat com.shaft.gui.element.internal.ElementActionsHelper.identifyUniqueElementIgnoringVisibility(ElementActionsHelper.java:958)\r\n\tat com.shaft.gui.element.ElementActions.getText(ElementActions.java:495)\r\n\t... 29 more\r\nCaused by: org.openqa.selenium.TimeoutException: Expected condition failed: waiting for com.shaft.gui.element.internal.ElementActionsHelper$$Lambda/0x000001809d7294d8@5dc9cb99 (tried for 60 second(s) with 100 milliseconds interval)\r\n\tat org.openqa.selenium.support.ui.FluentWait.timeoutException(FluentWait.java:261)\r\n\tat org.openqa.selenium.support.ui.FluentWait.until(FluentWait.java:229)\r\n\tat com.shaft.gui.element.internal.ElementActionsHelper.waitForElementPresence(ElementActionsHelper.java:176)\r\n\tat com.shaft.gui.element.internal.ElementActionsHelper.getMatchingElementsInformation(ElementActionsHelper.java:1000)\r\n\tat com.shaft.gui.element.internal.ElementActionsHelper.identifyUniqueElement(ElementActionsHelper.java:963)\r\n\t... 31 more\r\nCaused by: org.openqa.selenium.NoSuchElementException: Unable to locate element: /html/body/section/div/div[3]/div/div[2]/form/div[4]/div/div\nFor documentation on this error, please visit: https://www.selenium.dev/documentation/webdriver/troubleshooting/errors#no-such-element-exception\nBuild info: version: '4.16.1', revision: '9b4c83354e'\nSystem info: os.name: 'Windows 10', os.arch: 'amd64', os.version: '10.0', java.version: '21.0.2'\nDriver info: org.openqa.selenium.firefox.FirefoxDriver\nCommand: [75a5fb93-94b4-43d5-aeb3-df0678a7beb8, findElement {using=xpath, value=/html/body/section/div/div[3]/div/div[2]/form/div[4]/div/div}]\nCapabilities {acceptInsecureCerts: true, browserName: firefox, browserVersion: 122.0.1, moz:accessibilityChecks: false, moz:buildID: 20240205133611, moz:debuggerAddress: 127.0.0.1:11768, moz:geckodriverVersion: 0.34.0, moz:headless: false, moz:platformVersion: 10.0, moz:processID: 14076, moz:profile: C:\\Users\\SARA~1.OMA\\AppData..., moz:shutdownTimeout: 60000, moz:webdriverClick: true, moz:windowless: false, pageLoadStrategy: normal, platformName: windows, proxy: Proxy(), se:cdp: ws://127.0.0.1:11768/devtoo..., se:cdpVersion: 85.0, setWindowRect: true, strictFileInteractability: false, timeouts: {implicit: 0, pageLoad: 60000, script: 60000}, unhandledPromptBehavior: dismiss and notify, webSocketUrl: ws://127.0.0.1:11768/sessio...}\nSession ID: 75a5fb93-94b4-43d5-aeb3-df0678a7beb8\r\n\tat java.base/jdk.internal.reflect.DirectConstructorHandleAccessor.newInstance(DirectConstructorHandleAccessor.java:62)\r\n\tat java.base/java.lang.reflect.Constructor.newInstanceWithCaller(Constructor.java:502)\r\n\tat java.base/java.lang.reflect.Constructor.newInstance(Constructor.java:486)\r\n\tat org.openqa.selenium.remote.codec.w3c.W3CHttpResponseCodec.createException(W3CHttpResponseCodec.java:200)\r\n\tat org.openqa.selenium.remote.codec.w3c.W3CHttpResponseCodec.decode(W3CHttpResponseCodec.java:133)\r\n\tat org.openqa.selenium.remote.codec.w3c.W3CHttpResponseCodec.decode(W3CHttpResponseCodec.java:52)\r\n\tat org.openqa.selenium.remote.HttpCommandExecutor.execute(HttpCommandExecutor.java:191)\r\n\tat org.openqa.selenium.remote.service.DriverCommandExecutor.invokeExecute(DriverCommandExecutor.java:200)\r\n\tat org.openqa.selenium.remote.service.DriverCommandExecutor.execute(DriverCommandExecutor.java:175)\r\n\tat org.openqa.selenium.remote.RemoteWebDriver.execute(RemoteWebDriver.java:523)\r\n\tat org.openqa.selenium.remote.ElementLocation$ElementFinder$2.findElement(ElementLocation.java:165)\r\n\tat org.openqa.selenium.remote.ElementLocation.findElement(ElementLocation.java:59)\r\n\tat org.openqa.selenium.remote.RemoteWebDriver.findElement(RemoteWebDriver.java:360)\r\n\tat org.openqa.selenium.remote.RemoteWebDriver.findElement(RemoteWebDriver.java:354)\r\n\tat com.shaft.gui.element.internal.ElementActionsHelper.lambda$waitForElementPresence$0(ElementActionsHelper.java:190)\r\n\tat org.openqa.selenium.support.ui.FluentWait.until(FluentWait.java:204)\r\n\t... 34 more\r\n"},"stage":"finished","steps":[{"name":"Assertion Failed: The Element located by \"By.xpath: /html/body/section/div/div[3]/div/div[2]/form/div[4]/div/div\" text contains \"Value Should be 'Your order has been placed successfully!\".","status":"passed","stage":"finished","steps":[],"attachments":[{"name":"Screenshot - 1707730892533_loginBeforeCheckoutTc16_ValidateElementAttribute_failed","source":"54b886d4-f0fa-43b5-86e7-f4f61597e0f9-attachment.png","type":"image/png"},{"name":"Validation Test Data - Failure Reason","source":"9c82245d-513e-4592-ba14-1b6de16e4155-attachment"}],"parameters":[{"name":"customLog","value":"Assertion Failed: The Element located by \"By.xpath: /html/body/section/div/div[3]/div/div[2]/form/div[4]/div/div\" text contains \"Value Should be 'Your order has been placed successfully!\"."},{"name":"attachments","value":"[[Screenshot, 1707730892533_loginBeforeCheckoutTc16_ValidateElementAttribute_failed, java.io.ByteArrayInputStream@6a3a236f], [Validation Test Data, Failure Reason, java.lang.AssertionError: Failed to Get text from \"By.xpath: /html/body/section/div/div[3]/div/div[2]/form/div[4]/div/div\".\r\n org.testng.Assert.fail(Assert.java:99)\r\n com.shaft.gui.element.internal.ElementActionsHelper.failAction(ElementActionsHelper.java:1130)\r\n com.shaft.gui.element.internal.ElementActionsHelper.failAction(ElementActionsHelper.java:1061)\r\n com.shaft.gui.element.ElementActions.getText(ElementActions.java:524)\r\n com.shaft.validation.internal.ValidationsHelper.validateElementAttribute(ValidationsHelper.java:152)\r\n com.shaft.validation.internal.ValidationsExecutor.performValidation(ValidationsExecutor.java:164)\r\n com.shaft.validation.internal.ValidationsExecutor.perform(ValidationsExecutor.java:146)\r\n CheckOutTests.CheckoutTest.loginBeforeCheckoutTc16(CheckoutTest.java:79)\r\n java.base/jdk.internal.reflect.DirectMethodHandleAccessor.invoke(DirectMethodHandleAccessor.java:103)\r\n java.base/java.lang.reflect.Method.invoke(Method.java:580)\r\n org.testng.internal.invokers.MethodInvocationHelper.invokeMethod(MethodInvocationHelper.java:139)\r\n org.testng.internal.invokers.TestInvoker.invokeMethod(TestInvoker.java:664)\r\n org.testng.internal.invokers.TestInvoker.invokeTestMethod(TestInvoker.java:228)\r\n org.testng.internal.invokers.MethodRunner.runInSequence(MethodRunner.java:63)\r\n org.testng.internal.invokers.TestInvoker$MethodInvocationAgent.invoke(TestInvoker.java:961)\r\n org.testng.internal.invokers.TestInvoker.invokeTestMethods(TestInvoker.java:201)\r\n org.testng.internal.invokers.TestMethodWorker.invokeTestMethods(TestMethodWorker.java:148)\r\n org.testng.internal.invokers.TestMethodWorker.run(TestMethodWorker.java:128)\r\n java.base/java.util.ArrayList.forEach(ArrayList.java:1596)\r\n org.testng.TestRunner.privateRun(TestRunner.java:819)\r\n org.testng.TestRunner.run(TestRunner.java:619)\r\n org.testng.SuiteRunner.runTest(SuiteRunner.java:443)\r\n org.testng.SuiteRunner.runSequentially(SuiteRunner.java:437)\r\n org.testng.SuiteRunner.privateRun(SuiteRunner.java:397)\r\n org.testng.SuiteRunner.run(SuiteRunner.java:336)\r\n org.testng.SuiteRunnerWorker.runSuite(SuiteRunnerWorker.java:52)\r\n org.testng.SuiteRunnerWorker.run(SuiteRunnerWorker.java:95)\r\n org.testng.TestNG.runSuitesSequentially(TestNG.java:1301)\r\n org.testng.TestNG.runSuitesLocally(TestNG.java:1228)\r\n org.testng.TestNG.runSuites(TestNG.java:1134)\r\n org.testng.TestNG.run(TestNG.java:1101)\r\n com.intellij.rt.testng.IDEARemoteTestNG.run(IDEARemoteTestNG.java:65)\r\n com.intellij.rt.testng.RemoteTestNGStarter.main(RemoteTestNGStarter.java:105)\r\n\r\nCaused by: java.lang.AssertionError: Failed to identify unique element using this locator \"By.xpath: /html/body/section/div/div[3]/div/div[2]/form/div[4]/div/div\" Root cause: \"org.openqa.selenium.NoSuchElementException: Unable to locate element: /html/body/section/div/div[3]/div/div[2]/form/div[4]/div/div\"\r\n org.testng.Assert.fail(Assert.java:99)\r\n com.shaft.tools.io.internal.FailureReporter.fail(FailureReporter.java:38)\r\n com.shaft.gui.element.internal.ElementActionsHelper.identifyUniqueElement(ElementActionsHelper.java:970)\r\n com.shaft.gui.element.internal.ElementActionsHelper.identifyUniqueElementIgnoringVisibility(ElementActionsHelper.java:958)\r\n com.shaft.gui.element.ElementActions.getText(ElementActions.java:495)\r\n com.shaft.validation.internal.ValidationsHelper.validateElementAttribute(ValidationsHelper.java:152)\r\n com.shaft.validation.internal.ValidationsExecutor.performValidation(ValidationsExecutor.java:164)\r\n com.shaft.validation.internal.ValidationsExecutor.perform(ValidationsExecutor.java:146)\r\n CheckOutTests.CheckoutTest.loginBeforeCheckoutTc16(CheckoutTest.java:79)\r\n java.base/jdk.internal.reflect.DirectMethodHandleAccessor.invoke(DirectMethodHandleAccessor.java:103)\r\n java.base/java.lang.reflect.Method.invoke(Method.java:580)\r\n org.testng.internal.invokers.MethodInvocationHelper.invokeMethod(MethodInvocationHelper.java:139)\r\n org.testng.internal.invokers.TestInvoker.invokeMethod(TestInvoker.java:664)\r\n org.testng.internal.invokers.TestInvoker.invokeTestMethod(TestInvoker.java:228)\r\n org.testng.internal.invokers.MethodRunner.runInSequence(MethodRunner.java:63)\r\n org.testng.internal.invokers.TestInvoker$MethodInvocationAgent.invoke(TestInvoker.java:961)\r\n org.testng.internal.invokers.TestInvoker.invokeTestMethods(TestInvoker.java:201)\r\n org.testng.internal.invokers.TestMethodWorker.invokeTestMethods(TestMethodWorker.java:148)\r\n org.testng.internal.invokers.TestMethodWorker.run(TestMethodWorker.java:128)\r\n java.base/java.util.ArrayList.forEach(ArrayList.java:1596)\r\n org.testng.TestRunner.privateRun(TestRunner.java:819)\r\n org.testng.TestRunner.run(TestRunner.java:619)\r\n org.testng.SuiteRunner.runTest(SuiteRunner.java:443)\r\n org.testng.SuiteRunner.runSequentially(SuiteRunner.java:437)\r\n org.testng.SuiteRunner.privateRun(SuiteRunner.java:397)\r\n org.testng.SuiteRunner.run(SuiteRunner.java:336)\r\n org.testng.SuiteRunnerWorker.runSuite(SuiteRunnerWorker.java:52)\r\n org.testng.SuiteRunnerWorker.run(SuiteRunnerWorker.java:95)\r\n org.testng.TestNG.runSuitesSequentially(TestNG.java:1301)\r\n org.testng.TestNG.runSuitesLocally(TestNG.java:1228)\r\n org.testng.TestNG.runSuites(TestNG.java:1134)\r\n org.testng.TestNG.run(TestNG.java:1101)\r\n com.intellij.rt.testng.IDEARemoteTestNG.run(IDEARemoteTestNG.java:65)\r\n com.intellij.rt.testng.RemoteTestNGStarter.main(RemoteTestNGStarter.java:105)\r\n\r\nCaused by: org.openqa.selenium.TimeoutException: Expected condition failed: waiting for com.shaft.gui.element.internal.ElementActionsHelper$$Lambda/0x000001809d7294d8@5dc9cb99 (tried for 60 second(s) with 100 milliseconds interval)\r\n org.openqa.selenium.support.ui.FluentWait.timeoutException(FluentWait.java:261)\r\n org.openqa.selenium.support.ui.FluentWait.until(FluentWait.java:229)\r\n com.shaft.gui.element.internal.ElementActionsHelper.waitForElementPresence(ElementActionsHelper.java:176)\r\n com.shaft.gui.element.internal.ElementActionsHelper.getMatchingElementsInformation(ElementActionsHelper.java:1000)\r\n com.shaft.gui.element.internal.ElementActionsHelper.identifyUniqueElement(ElementActionsHelper.java:963)\r\n com.shaft.gui.element.internal.ElementActionsHelper.identifyUniqueElementIgnoringVisibility(ElementActionsHelper.java:958)\r\n com.shaft.gui.element.ElementActions.getText(ElementActions.java:495)\r\n com.shaft.validation.internal.ValidationsHelper.validateElementAttribute(ValidationsHelper.java:152)\r\n com.shaft.validation.internal.ValidationsExecutor.performValidation(ValidationsExecutor.java:164)\r\n com.shaft.validation.internal.ValidationsExecutor.perform(ValidationsExecutor.java:146)\r\n CheckOutTests.CheckoutTest.loginBeforeCheckoutTc16(CheckoutTest.java:79)\r\n java.base/jdk.internal.reflect.DirectMethodHandleAccessor.invoke(DirectMethodHandleAccessor.java:103)\r\n java.base/java.lang.reflect.Method.invoke(Method.java:580)\r\n org.testng.internal.invokers.MethodInvocationHelper.invokeMethod(MethodInvocationHelper.java:139)\r\n org.testng.internal.invokers.TestInvoker.invokeMethod(TestInvoker.java:664)\r\n org.testng.internal.invokers.TestInvoker.invokeTestMethod(TestInvoker.java:228)\r\n org.testng.internal.invokers.MethodRunner.runInSequence(MethodRunner.java:63)\r\n org.testng.internal.invokers.TestInvoker$MethodInvocationAgent.invoke(TestInvoker.java:961)\r\n org.testng.internal.invokers.TestInvoker.invokeTestMethods(TestInvoker.java:201)\r\n org.testng.internal.invokers.TestMethodWorker.invokeTestMethods(TestMethodWorker.java:148)\r\n org.testng.internal.invokers.TestMethodWorker.run(TestMethodWorker.java:128)\r\n java.base/java.util.ArrayList.forEach(ArrayList.java:1596)\r\n org.testng.TestRunner.privateRun(TestRunner.java:819)\r\n org.testng.TestRunner.run(TestRunner.java:619)\r\n org.testng.SuiteRunner.runTest(SuiteRunner.java:443)\r\n org.testng.SuiteRunner.runSequentially(SuiteRunner.java:437)\r\n org.testng.SuiteRunner.privateRun(SuiteRunner.java:397)\r\n org.testng.SuiteRunner.run(SuiteRunner.java:336)\r\n org.testng.SuiteRunnerWorker.runSuite(SuiteRunnerWorker.java:52)\r\n org.testng.SuiteRunnerWorker.run(SuiteRunnerWorker.java:95)\r\n org.testng.TestNG.runSuitesSequentially(TestNG.java:1301)\r\n org.testng.TestNG.runSuitesLocally(TestNG.java:1228)\r\n org.testng.TestNG.runSuites(TestNG.java:1134)\r\n org.testng.TestNG.run(TestNG.java:1101)\r\n com.intellij.rt.testng.IDEARemoteTestNG.run(IDEARemoteTestNG.java:65)\r\n com.intellij.rt.testng.RemoteTestNGStarter.main(RemoteTestNGStarter.java:105)\r\n\r\nCaused by: org.openqa.selenium.NoSuchElementException: Unable to locate element: /html/body/section/div/div[3]/div/div[2]/form/div[4]/div/div\nFor documentation on this error, please visit: https://www.selenium.dev/documentation/webdriver/troubleshooting/errors#no-such-element-exception\nBuild info: version: '4.16.1', revision: '9b4c83354e'\nSystem info: os.name: 'Windows 10', os.arch: 'amd64', os.version: '10.0', java.version: '21.0.2'\nDriver info: org.openqa.selenium.firefox.FirefoxDriver\nCommand: [75a5fb93-94b4-43d5-aeb3-df0678a7beb8, findElement {using=xpath, value=/html/body/section/div/div[3]/div/div[2]/form/div[4]/div/div}]\nCapabilities {acceptInsecureCerts: true, browserName: firefox, browserVersion: 122.0.1, moz:accessibilityChecks: false, moz:buildID: 20240205133611, moz:debuggerAddress: 127.0.0.1:11768, moz:geckodriverVersion: 0.34.0, moz:headless: false, moz:platformVersion: 10.0, moz:processID: 14076, moz:profile: C:\\Users\\SARA~1.OMA\\AppData..., moz:shutdownTimeout: 60000, moz:webdriverClick: true, moz:windowless: false, pageLoadStrategy: normal, platformName: windows, proxy: Proxy(), se:cdp: ws://127.0.0.1:11768/devtoo..., se:cdpVersion: 85.0, setWindowRect: true, strictFileInteractability: false, timeouts: {implicit: 0, pageLoad: 60000, script: 60000}, unhandledPromptBehavior: dismiss and notify, webSocketUrl: ws://127.0.0.1:11768/sessio...}\nSession ID: 75a5fb93-94b4-43d5-aeb3-df0678a7beb8\r\n java.base/jdk.internal.reflect.DirectConstructorHandleAccessor.newInstance(DirectConstructorHandleAccessor.java:62)\r\n java.base/java.lang.reflect.Constructor.newInstanceWithCaller(Constructor.java:502)\r\n java.base/java.lang.reflect.Constructor.newInstance(Constructor.java:486)\r\n org.openqa.selenium.remote.codec.w3c.W3CHttpResponseCodec.createException(W3CHttpResponseCodec.java:200)\r\n org.openqa.selenium.remote.codec.w3c.W3CHttpResponseCodec.decode(W3CHttpResponseCodec.java:133)\r\n org.openqa.selenium.remote.codec.w3c.W3CHttpResponseCodec.decode(W3CHttpResponseCodec.java:52)\r\n org.openqa.selenium.remote.HttpCommandExecutor.execute(HttpCommandExecutor.java:191)\r\n org.openqa.selenium.remote.service.DriverCommandExecutor.invokeExecute(DriverCommandExecutor.java:200)\r\n org.openqa.selenium.remote.service.DriverCommandExecutor.execute(DriverCommandExecutor.java:175)\r\n org.openqa.selenium.remote.RemoteWebDriver.execute(RemoteWebDriver.java:523)\r\n org.openqa.selenium.remote.ElementLocation$ElementFinder$2.findElement(ElementLocation.java:165)\r\n org.openqa.selenium.remote.ElementLocation.findElement(ElementLocation.java:59)\r\n org.openqa.selenium.remote.RemoteWebDriver.findElement(RemoteWebDriver.java:360)\r\n org.openqa.selenium.remote.RemoteWebDriver.findElement(RemoteWebDriver.java:354)\r\n com.shaft.gui.element.internal.ElementActionsHelper.lambda$waitForElementPresence$0(ElementActionsHelper.java:190)\r\n org.openqa.selenium.support.ui.FluentWait.until(FluentWait.java:204)\r\n com.shaft.gui.element.internal.ElementActionsHelper.waitForElementPresence(ElementActionsHelper.java:176)\r\n com.shaft.gui.element.internal.ElementActionsHelper.getMatchingElementsInformation(ElementActionsHelper.java:1000)\r\n com.shaft.gui.element.internal.ElementActionsHelper.identifyUniqueElement(ElementActionsHelper.java:963)\r\n com.shaft.gui.element.internal.ElementActionsHelper.identifyUniqueElementIgnoringVisibility(ElementActionsHelper.java:958)\r\n com.shaft.gui.element.ElementActions.getText(ElementActions.java:495)\r\n com.shaft.validation.internal.ValidationsHelper.validateElementAttribute(ValidationsHelper.java:152)\r\n com.shaft.validation.internal.ValidationsExecutor.performValidation(ValidationsExecutor.java:164)\r\n com.shaft.validation.internal.ValidationsExecutor.perform(ValidationsExecutor.java:146)\r\n CheckOutTests.CheckoutTest.loginBeforeCheckoutTc16(CheckoutTest.java:79)\r\n java.base/jdk.internal.reflect.DirectMethodHandleAccessor.invoke(DirectMethodHandleAccessor.java:103)\r\n java.base/java.lang.reflect.Method.invoke(Method.java:580)\r\n org.testng.internal.invokers.MethodInvocationHelper.invokeMethod(MethodInvocationHelper.java:139)\r\n org.testng.internal.invokers.TestInvoker.invokeMethod(TestInvoker.java:664)\r\n org.testng.internal.invokers.TestInvoker.invokeTestMethod(TestInvoker.java:228)\r\n org.testng.internal.invokers.MethodRunner.runInSequence(MethodRunner.java:63)\r\n org.testng.internal.invokers.TestInvoker$MethodInvocationAgent.invoke(TestInvoker.java:961)\r\n org.testng.internal.invokers.TestInvoker.invokeTestMethods(TestInvoker.java:201)\r\n org.testng.internal.invokers.TestMethodWorker.invokeTestMethods(TestMethodWorker.java:148)\r\n org.testng.internal.invokers.TestMethodWorker.run(TestMethodWorker.java:128)\r\n java.base/java.util.ArrayList.forEach(ArrayList.java:1596)\r\n org.testng.TestRunner.privateRun(TestRunner.java:819)\r\n org.testng.TestRunner.run(TestRunner.java:619)\r\n org.testng.SuiteRunner.runTest(SuiteRunner.java:443)\r\n org.testng.SuiteRunner.runSequentially(SuiteRunner.java:437)\r\n org.testng.SuiteRunner.privateRun(SuiteRunner.java:397)\r\n org.testng.SuiteRunner.run(SuiteRunner.java:336)\r\n org.testng.SuiteRunnerWorker.runSuite(SuiteRunnerWorker.java:52)\r\n org.testng.SuiteRunnerWorker.run(SuiteRunnerWorker.java:95)\r\n org.testng.TestNG.runSuitesSequentially(TestNG.java:1301)\r\n org.testng.TestNG.runSuitesLocally(TestNG.java:1228)\r\n org.testng.TestNG.runSuites(TestNG.java:1134)\r\n org.testng.TestNG.run(TestNG.java:1101)\r\n com.intellij.rt.testng.IDEARemoteTestNG.run(IDEARemoteTestNG.java:65)\r\n com.intellij.rt.testng.RemoteTestNGStarter.main(RemoteTestNGStarter.java:105)\r\n]]"}],"start":1707730894716,"stop":1707730894751},{"name":"Assertion \"ValidateElementAttribute\" FAILED. Expected \"Value Should be 'Value Should be 'Your order has been placed successfully!' for the 'text' attribute, element locator 'By.xpath: /html/body/section/div/div[3]/div/div[2]/form/div[4]/div/div'\" and Actual \"Failed to read the desired element attribute\". Comparison Type \"CONTAINS\". Validation Type \"POSITIVE\". Root cause: \"org.openqa.selenium.NoSuchElementException: Unable to locate element: /html/body/section/div/div[3]/div/div[2]/form/div[4]/div/div\"","status":"passed","statusDetails":{"known":false,"muted":false,"flaky":false,"trace":"java.lang.AssertionError: Failed to Get text from \"By.xpath: /html/body/section/div/div[3]/div/div[2]/form/div[4]/div/div\".\r\n org.testng.Assert.fail(Assert.java:99)\r\n com.shaft.gui.element.internal.ElementActionsHelper.failAction(ElementActionsHelper.java:1130)\r\n com.shaft.gui.element.internal.ElementActionsHelper.failAction(ElementActionsHelper.java:1061)\r\n com.shaft.gui.element.ElementActions.getText(ElementActions.java:524)\r\n com.shaft.validation.internal.ValidationsHelper.validateElementAttribute(ValidationsHelper.java:152)\r\n com.shaft.validation.internal.ValidationsExecutor.performValidation(ValidationsExecutor.java:164)\r\n com.shaft.validation.internal.ValidationsExecutor.perform(ValidationsExecutor.java:146)\r\n CheckOutTests.CheckoutTest.loginBeforeCheckoutTc16(CheckoutTest.java:79)\r\n java.base/jdk.internal.reflect.DirectMethodHandleAccessor.invoke(DirectMethodHandleAccessor.java:103)\r\n java.base/java.lang.reflect.Method.invoke(Method.java:580)\r\n org.testng.internal.invokers.MethodInvocationHelper.invokeMethod(MethodInvocationHelper.java:139)\r\n org.testng.internal.invokers.TestInvoker.invokeMethod(TestInvoker.java:664)\r\n org.testng.internal.invokers.TestInvoker.invokeTestMethod(TestInvoker.java:228)\r\n org.testng.internal.invokers.MethodRunner.runInSequence(MethodRunner.java:63)\r\n org.testng.internal.invokers.TestInvoker$MethodInvocationAgent.invoke(TestInvoker.java:961)\r\n org.testng.internal.invokers.TestInvoker.invokeTestMethods(TestInvoker.java:201)\r\n org.testng.internal.invokers.TestMethodWorker.invokeTestMethods(TestMethodWorker.java:148)\r\n org.testng.internal.invokers.TestMethodWorker.run(TestMethodWorker.java:128)\r\n java.base/java.util.ArrayList.forEach(ArrayList.java:1596)\r\n org.testng.TestRunner.privateRun(TestRunner.java:819)\r\n org.testng.TestRunner.run(TestRunner.java:619)\r\n org.testng.SuiteRunner.runTest(SuiteRunner.java:443)\r\n org.testng.SuiteRunner.runSequentially(SuiteRunner.java:437)\r\n org.testng.SuiteRunner.privateRun(SuiteRunner.java:397)\r\n org.testng.SuiteRunner.run(SuiteRunner.java:336)\r\n org.testng.SuiteRunnerWorker.runSuite(SuiteRunnerWorker.java:52)\r\n org.testng.SuiteRunnerWorker.run(SuiteRunnerWorker.java:95)\r\n org.testng.TestNG.runSuitesSequentially(TestNG.java:1301)\r\n org.testng.TestNG.runSuitesLocally(TestNG.java:1228)\r\n org.testng.TestNG.runSuites(TestNG.java:1134)\r\n org.testng.TestNG.run(TestNG.java:1101)\r\n com.intellij.rt.testng.IDEARemoteTestNG.run(IDEARemoteTestNG.java:65)\r\n com.intellij.rt.testng.RemoteTestNGStarter.main(RemoteTestNGStarter.java:105)\r\n\r\nCaused by: java.lang.AssertionError: Failed to identify unique element using this locator \"By.xpath: /html/body/section/div/div[3]/div/div[2]/form/div[4]/div/div\" Root cause: \"org.openqa.selenium.NoSuchElementException: Unable to locate element: /html/body/section/div/div[3]/div/div[2]/form/div[4]/div/div\"\r\n org.testng.Assert.fail(Assert.java:99)\r\n com.shaft.tools.io.internal.FailureReporter.fail(FailureReporter.java:38)\r\n com.shaft.gui.element.internal.ElementActionsHelper.identifyUniqueElement(ElementActionsHelper.java:970)\r\n com.shaft.gui.element.internal.ElementActionsHelper.identifyUniqueElementIgnoringVisibility(ElementActionsHelper.java:958)\r\n com.shaft.gui.element.ElementActions.getText(ElementActions.java:495)\r\n com.shaft.validation.internal.ValidationsHelper.validateElementAttribute(ValidationsHelper.java:152)\r\n com.shaft.validation.internal.ValidationsExecutor.performValidation(ValidationsExecutor.java:164)\r\n com.shaft.validation.internal.ValidationsExecutor.perform(ValidationsExecutor.java:146)\r\n CheckOutTests.CheckoutTest.loginBeforeCheckoutTc16(CheckoutTest.java:79)\r\n java.base/jdk.internal.reflect.DirectMethodHandleAccessor.invoke(DirectMethodHandleAccessor.java:103)\r\n java.base/java.lang.reflect.Method.invoke(Method.java:580)\r\n org.testng.internal.invokers.MethodInvocationHelper.invokeMethod(MethodInvocationHelper.java:139)\r\n org.testng.internal.invokers.TestInvoker.invokeMethod(TestInvoker.java:664)\r\n org.testng.internal.invokers.TestInvoker.invokeTestMethod(TestInvoker.java:228)\r\n org.testng.internal.invokers.MethodRunner.runInSequence(MethodRunner.java:63)\r\n org.testng.internal.invokers.TestInvoker$MethodInvocationAgent.invoke(TestInvoker.java:961)\r\n org.testng.internal.invokers.TestInvoker.invokeTestMethods(TestInvoker.java:201)\r\n org.testng.internal.invokers.TestMethodWorker.invokeTestMethods(TestMethodWorker.java:148)\r\n org.testng.internal.invokers.TestMethodWorker.run(TestMethodWorker.java:128)\r\n java.base/java.util.ArrayList.forEach(ArrayList.java:1596)\r\n org.testng.TestRunner.privateRun(TestRunner.java:819)\r\n org.testng.TestRunner.run(TestRunner.java:619)\r\n org.testng.SuiteRunner.runTest(SuiteRunner.java:443)\r\n org.testng.SuiteRunner.runSequentially(SuiteRunner.java:437)\r\n org.testng.SuiteRunner.privateRun(SuiteRunner.java:397)\r\n org.testng.SuiteRunner.run(SuiteRunner.java:336)\r\n org.testng.SuiteRunnerWorker.runSuite(SuiteRunnerWorker.java:52)\r\n org.testng.SuiteRunnerWorker.run(SuiteRunnerWorker.java:95)\r\n org.testng.TestNG.runSuitesSequentially(TestNG.java:1301)\r\n org.testng.TestNG.runSuitesLocally(TestNG.java:1228)\r\n org.testng.TestNG.runSuites(TestNG.java:1134)\r\n org.testng.TestNG.run(TestNG.java:1101)\r\n com.intellij.rt.testng.IDEARemoteTestNG.run(IDEARemoteTestNG.java:65)\r\n com.intellij.rt.testng.RemoteTestNGStarter.main(RemoteTestNGStarter.java:105)\r\n\r\nCaused by: org.openqa.selenium.TimeoutException: Expected condition failed: waiting for com.shaft.gui.element.internal.ElementActionsHelper$$Lambda/0x000001809d7294d8@5dc9cb99 (tried for 60 second(s) with 100 milliseconds interval)\r\n org.openqa.selenium.support.ui.FluentWait.timeoutException(FluentWait.java:261)\r\n org.openqa.selenium.support.ui.FluentWait.until(FluentWait.java:229)\r\n com.shaft.gui.element.internal.ElementActionsHelper.waitForElementPresence(ElementActionsHelper.java:176)\r\n com.shaft.gui.element.internal.ElementActionsHelper.getMatchingElementsInformation(ElementActionsHelper.java:1000)\r\n com.shaft.gui.element.internal.ElementActionsHelper.identifyUniqueElement(ElementActionsHelper.java:963)\r\n com.shaft.gui.element.internal.ElementActionsHelper.identifyUniqueElementIgnoringVisibility(ElementActionsHelper.java:958)\r\n com.shaft.gui.element.ElementActions.getText(ElementActions.java:495)\r\n com.shaft.validation.internal.ValidationsHelper.validateElementAttribute(ValidationsHelper.java:152)\r\n com.shaft.validation.internal.ValidationsExecutor.performValidation(ValidationsExecutor.java:164)\r\n com.shaft.validation.internal.ValidationsExecutor.perform(ValidationsExecutor.java:146)\r\n CheckOutTests.CheckoutTest.loginBeforeCheckoutTc16(CheckoutTest.java:79)\r\n java.base/jdk.internal.reflect.DirectMethodHandleAccessor.invoke(DirectMethodHandleAccessor.java:103)\r\n java.base/java.lang.reflect.Method.invoke(Method.java:580)\r\n org.testng.internal.invokers.MethodInvocationHelper.invokeMethod(MethodInvocationHelper.java:139)\r\n org.testng.internal.invokers.TestInvoker.invokeMethod(TestInvoker.java:664)\r\n org.testng.internal.invokers.TestInvoker.invokeTestMethod(TestInvoker.java:228)\r\n org.testng.internal.invokers.MethodRunner.runInSequence(MethodRunner.java:63)\r\n org.testng.internal.invokers.TestInvoker$MethodInvocationAgent.invoke(TestInvoker.java:961)\r\n org.testng.internal.invokers.TestInvoker.invokeTestMethods(TestInvoker.java:201)\r\n org.testng.internal.invokers.TestMethodWorker.invokeTestMethods(TestMethodWorker.java:148)\r\n org.testng.internal.invokers.TestMethodWorker.run(TestMethodWorker.java:128)\r\n java.base/java.util.ArrayList.forEach(ArrayList.java:1596)\r\n org.testng.TestRunner.privateRun(TestRunner.java:819)\r\n org.testng.TestRunner.run(TestRunner.java:619)\r\n org.testng.SuiteRunner.runTest(SuiteRunner.java:443)\r\n org.testng.SuiteRunner.runSequentially(SuiteRunner.java:437)\r\n org.testng.SuiteRunner.privateRun(SuiteRunner.java:397)\r\n org.testng.SuiteRunner.run(SuiteRunner.java:336)\r\n org.testng.SuiteRunnerWorker.runSuite(SuiteRunnerWorker.java:52)\r\n org.testng.SuiteRunnerWorker.run(SuiteRunnerWorker.java:95)\r\n org.testng.TestNG.runSuitesSequentially(TestNG.java:1301)\r\n org.testng.TestNG.runSuitesLocally(TestNG.java:1228)\r\n org.testng.TestNG.runSuites(TestNG.java:1134)\r\n org.testng.TestNG.run(TestNG.java:1101)\r\n com.intellij.rt.testng.IDEARemoteTestNG.run(IDEARemoteTestNG.java:65)\r\n com.intellij.rt.testng.RemoteTestNGStarter.main(RemoteTestNGStarter.java:105)\r\n\r\nCaused by: org.openqa.selenium.NoSuchElementException: Unable to locate element: /html/body/section/div/div[3]/div/div[2]/form/div[4]/div/div\nFor documentation on this error, please visit: https://www.selenium.dev/documentation/webdriver/troubleshooting/errors#no-such-element-exception\nBuild info: version: '4.16.1', revision: '9b4c83354e'\nSystem info: os.name: 'Windows 10', os.arch: 'amd64', os.version: '10.0', java.version: '21.0.2'\nDriver info: org.openqa.selenium.firefox.FirefoxDriver\nCommand: [75a5fb93-94b4-43d5-aeb3-df0678a7beb8, findElement {using=xpath, value=/html/body/section/div/div[3]/div/div[2]/form/div[4]/div/div}]\nCapabilities {acceptInsecureCerts: true, browserName: firefox, browserVersion: 122.0.1, moz:accessibilityChecks: false, moz:buildID: 20240205133611, moz:debuggerAddress: 127.0.0.1:11768, moz:geckodriverVersion: 0.34.0, moz:headless: false, moz:platformVersion: 10.0, moz:processID: 14076, moz:profile: C:\\Users\\SARA~1.OMA\\AppData..., moz:shutdownTimeout: 60000, moz:webdriverClick: true, moz:windowless: false, pageLoadStrategy: normal, platformName: windows, proxy: Proxy(), se:cdp: ws://127.0.0.1:11768/devtoo..., se:cdpVersion: 85.0, setWindowRect: true, strictFileInteractability: false, timeouts: {implicit: 0, pageLoad: 60000, script: 60000}, unhandledPromptBehavior: dismiss and notify, webSocketUrl: ws://127.0.0.1:11768/sessio...}\nSession ID: 75a5fb93-94b4-43d5-aeb3-df0678a7beb8\r\n java.base/jdk.internal.reflect.DirectConstructorHandleAccessor.newInstance(DirectConstructorHandleAccessor.java:62)\r\n java.base/java.lang.reflect.Constructor.newInstanceWithCaller(Constructor.java:502)\r\n java.base/java.lang.reflect.Constructor.newInstance(Constructor.java:486)\r\n org.openqa.selenium.remote.codec.w3c.W3CHttpResponseCodec.createException(W3CHttpResponseCodec.java:200)\r\n org.openqa.selenium.remote.codec.w3c.W3CHttpResponseCodec.decode(W3CHttpResponseCodec.java:133)\r\n org.openqa.selenium.remote.codec.w3c.W3CHttpResponseCodec.decode(W3CHttpResponseCodec.java:52)\r\n org.openqa.selenium.remote.HttpCommandExecutor.execute(HttpCommandExecutor.java:191)\r\n org.openqa.selenium.remote.service.DriverCommandExecutor.invokeExecute(DriverCommandExecutor.java:200)\r\n org.openqa.selenium.remote.service.DriverCommandExecutor.execute(DriverCommandExecutor.java:175)\r\n org.openqa.selenium.remote.RemoteWebDriver.execute(RemoteWebDriver.java:523)\r\n org.openqa.selenium.remote.ElementLocation$ElementFinder$2.findElement(ElementLocation.java:165)\r\n org.openqa.selenium.remote.ElementLocation.findElement(ElementLocation.java:59)\r\n org.openqa.selenium.remote.RemoteWebDriver.findElement(RemoteWebDriver.java:360)\r\n org.openqa.selenium.remote.RemoteWebDriver.findElement(RemoteWebDriver.java:354)\r\n com.shaft.gui.element.internal.ElementActionsHelper.lambda$waitForElementPresence$0(ElementActionsHelper.java:190)\r\n org.openqa.selenium.support.ui.FluentWait.until(FluentWait.java:204)\r\n com.shaft.gui.element.internal.ElementActionsHelper.waitForElementPresence(ElementActionsHelper.java:176)\r\n com.shaft.gui.element.internal.ElementActionsHelper.getMatchingElementsInformation(ElementActionsHelper.java:1000)\r\n com.shaft.gui.element.internal.ElementActionsHelper.identifyUniqueElement(ElementActionsHelper.java:963)\r\n com.shaft.gui.element.internal.ElementActionsHelper.identifyUniqueElementIgnoringVisibility(ElementActionsHelper.java:958)\r\n com.shaft.gui.element.ElementActions.getText(ElementActions.java:495)\r\n com.shaft.validation.internal.ValidationsHelper.validateElementAttribute(ValidationsHelper.java:152)\r\n com.shaft.validation.internal.ValidationsExecutor.performValidation(ValidationsExecutor.java:164)\r\n com.shaft.validation.internal.ValidationsExecutor.perform(ValidationsExecutor.java:146)\r\n CheckOutTests.CheckoutTest.loginBeforeCheckoutTc16(CheckoutTest.java:79)\r\n java.base/jdk.internal.reflect.DirectMethodHandleAccessor.invoke(DirectMethodHandleAccessor.java:103)\r\n java.base/java.lang.reflect.Method.invoke(Method.java:580)\r\n org.testng.internal.invokers.MethodInvocationHelper.invokeMethod(MethodInvocationHelper.java:139)\r\n org.testng.internal.invokers.TestInvoker.invokeMethod(TestInvoker.java:664)\r\n org.testng.internal.invokers.TestInvoker.invokeTestMethod(TestInvoker.java:228)\r\n org.testng.internal.invokers.MethodRunner.runInSequence(MethodRunner.java:63)\r\n org.testng.internal.invokers.TestInvoker$MethodInvocationAgent.invoke(TestInvoker.java:961)\r\n org.testng.internal.invokers.TestInvoker.invokeTestMethods(TestInvoker.java:201)\r\n org.testng.internal.invokers.TestMethodWorker.invokeTestMethods(TestMethodWorker.java:148)\r\n org.testng.internal.invokers.TestMethodWorker.run(TestMethodWorker.java:128)\r\n java.base/java.util.ArrayList.forEach(ArrayList.java:1596)\r\n org.testng.TestRunner.privateRun(TestRunner.java:819)\r\n org.testng.TestRunner.run(TestRunner.java:619)\r\n org.testng.SuiteRunner.runTest(SuiteRunner.java:443)\r\n org.testng.SuiteRunner.runSequentially(SuiteRunner.java:437)\r\n org.testng.SuiteRunner.privateRun(SuiteRunner.java:397)\r\n org.testng.SuiteRunner.run(SuiteRunner.java:336)\r\n org.testng.SuiteRunnerWorker.runSuite(SuiteRunnerWorker.java:52)\r\n org.testng.SuiteRunnerWorker.run(SuiteRunnerWorker.java:95)\r\n org.testng.TestNG.runSuitesSequentially(TestNG.java:1301)\r\n org.testng.TestNG.runSuitesLocally(TestNG.java:1228)\r\n org.testng.TestNG.runSuites(TestNG.java:1134)\r\n org.testng.TestNG.run(TestNG.java:1101)\r\n com.intellij.rt.testng.IDEARemoteTestNG.run(IDEARemoteTestNG.java:65)\r\n com.intellij.rt.testng.RemoteTestNGStarter.main(RemoteTestNGStarter.java:105)"},"stage":"finished","steps":[],"attachments":[{"name":"Validations helper - Get  stack  trace - Exception Stacktrace","source":"7f414e60-5329-4512-80de-92f5c77ed9e3-attachment"}],"parameters":[{"name":"logText","value":"Assertion \"ValidateElementAttribute\" FAILED. Expected \"Value Should be 'Value Should be 'Your order has been placed successfully!' for the 'text' attribute, element locator 'By.xpath: /html/body/section/div/div[3]/div/div[2]/form/div[4]/div/div'\" and Actual \"Failed to read the desired element attribute\". Comparison Type \"CONTAINS\". Validation Type \"POSITIVE\". Root cause: \"org.openqa.selenium.NoSuchElementException: Unable to locate element: /html/body/section/div/div[3]/div/div[2]/form/div[4]/div/div\""},{"name":"attachments","value":"[[Validations helper - Get  stack  trace, Exception Stacktrace, java.lang.AssertionError: Failed to Get text from \"By.xpath: /html/body/section/div/div[3]/div/div[2]/form/div[4]/div/div\".\r\n org.testng.Assert.fail(Assert.java:99)\r\n com.shaft.gui.element.internal.ElementActionsHelper.failAction(ElementActionsHelper.java:1130)\r\n com.shaft.gui.element.internal.ElementActionsHelper.failAction(ElementActionsHelper.java:1061)\r\n com.shaft.gui.element.ElementActions.getText(ElementActions.java:524)\r\n com.shaft.validation.internal.ValidationsHelper.validateElementAttribute(ValidationsHelper.java:152)\r\n com.shaft.validation.internal.ValidationsExecutor.performValidation(ValidationsExecutor.java:164)\r\n com.shaft.validation.internal.ValidationsExecutor.perform(ValidationsExecutor.java:146)\r\n CheckOutTests.CheckoutTest.loginBeforeCheckoutTc16(CheckoutTest.java:79)\r\n java.base/jdk.internal.reflect.DirectMethodHandleAccessor.invoke(DirectMethodHandleAccessor.java:103)\r\n java.base/java.lang.reflect.Method.invoke(Method.java:580)\r\n org.testng.internal.invokers.MethodInvocationHelper.invokeMethod(MethodInvocationHelper.java:139)\r\n org.testng.internal.invokers.TestInvoker.invokeMethod(TestInvoker.java:664)\r\n org.testng.internal.invokers.TestInvoker.invokeTestMethod(TestInvoker.java:228)\r\n org.testng.internal.invokers.MethodRunner.runInSequence(MethodRunner.java:63)\r\n org.testng.internal.invokers.TestInvoker$MethodInvocationAgent.invoke(TestInvoker.java:961)\r\n org.testng.internal.invokers.TestInvoker.invokeTestMethods(TestInvoker.java:201)\r\n org.testng.internal.invokers.TestMethodWorker.invokeTestMethods(TestMethodWorker.java:148)\r\n org.testng.internal.invokers.TestMethodWorker.run(TestMethodWorker.java:128)\r\n java.base/java.util.ArrayList.forEach(ArrayList.java:1596)\r\n org.testng.TestRunner.privateRun(TestRunner.java:819)\r\n org.testng.TestRunner.run(TestRunner.java:619)\r\n org.testng.SuiteRunner.runTest(SuiteRunner.java:443)\r\n org.testng.SuiteRunner.runSequentially(SuiteRunner.java:437)\r\n org.testng.SuiteRunner.privateRun(SuiteRunner.java:397)\r\n org.testng.SuiteRunner.run(SuiteRunner.java:336)\r\n org.testng.SuiteRunnerWorker.runSuite(SuiteRunnerWorker.java:52)\r\n org.testng.SuiteRunnerWorker.run(SuiteRunnerWorker.java:95)\r\n org.testng.TestNG.runSuitesSequentially(TestNG.java:1301)\r\n org.testng.TestNG.runSuitesLocally(TestNG.java:1228)\r\n org.testng.TestNG.runSuites(TestNG.java:1134)\r\n org.testng.TestNG.run(TestNG.java:1101)\r\n com.intellij.rt.testng.IDEARemoteTestNG.run(IDEARemoteTestNG.java:65)\r\n com.intellij.rt.testng.RemoteTestNGStarter.main(RemoteTestNGStarter.java:105)\r\n\r\nCaused by: java.lang.AssertionError: Failed to identify unique element using this locator \"By.xpath: /html/body/section/div/div[3]/div/div[2]/form/div[4]/div/div\" Root cause: \"org.openqa.selenium.NoSuchElementException: Unable to locate element: /html/body/section/div/div[3]/div/div[2]/form/div[4]/div/div\"\r\n org.testng.Assert.fail(Assert.java:99)\r\n com.shaft.tools.io.internal.FailureReporter.fail(FailureReporter.java:38)\r\n com.shaft.gui.element.internal.ElementActionsHelper.identifyUniqueElement(ElementActionsHelper.java:970)\r\n com.shaft.gui.element.internal.ElementActionsHelper.identifyUniqueElementIgnoringVisibility(ElementActionsHelper.java:958)\r\n com.shaft.gui.element.ElementActions.getText(ElementActions.java:495)\r\n com.shaft.validation.internal.ValidationsHelper.validateElementAttribute(ValidationsHelper.java:152)\r\n com.shaft.validation.internal.ValidationsExecutor.performValidation(ValidationsExecutor.java:164)\r\n com.shaft.validation.internal.ValidationsExecutor.perform(ValidationsExecutor.java:146)\r\n CheckOutTests.CheckoutTest.loginBeforeCheckoutTc16(CheckoutTest.java:79)\r\n java.base/jdk.internal.reflect.DirectMethodHandleAccessor.invoke(DirectMethodHandleAccessor.java:103)\r\n java.base/java.lang.reflect.Method.invoke(Method.java:580)\r\n org.testng.internal.invokers.MethodInvocationHelper.invokeMethod(MethodInvocationHelper.java:139)\r\n org.testng.internal.invokers.TestInvoker.invokeMethod(TestInvoker.java:664)\r\n org.testng.internal.invokers.TestInvoker.invokeTestMethod(TestInvoker.java:228)\r\n org.testng.internal.invokers.MethodRunner.runInSequence(MethodRunner.java:63)\r\n org.testng.internal.invokers.TestInvoker$MethodInvocationAgent.invoke(TestInvoker.java:961)\r\n org.testng.internal.invokers.TestInvoker.invokeTestMethods(TestInvoker.java:201)\r\n org.testng.internal.invokers.TestMethodWorker.invokeTestMethods(TestMethodWorker.java:148)\r\n org.testng.internal.invokers.TestMethodWorker.run(TestMethodWorker.java:128)\r\n java.base/java.util.ArrayList.forEach(ArrayList.java:1596)\r\n org.testng.TestRunner.privateRun(TestRunner.java:819)\r\n org.testng.TestRunner.run(TestRunner.java:619)\r\n org.testng.SuiteRunner.runTest(SuiteRunner.java:443)\r\n org.testng.SuiteRunner.runSequentially(SuiteRunner.java:437)\r\n org.testng.SuiteRunner.privateRun(SuiteRunner.java:397)\r\n org.testng.SuiteRunner.run(SuiteRunner.java:336)\r\n org.testng.SuiteRunnerWorker.runSuite(SuiteRunnerWorker.java:52)\r\n org.testng.SuiteRunnerWorker.run(SuiteRunnerWorker.java:95)\r\n org.testng.TestNG.runSuitesSequentially(TestNG.java:1301)\r\n org.testng.TestNG.runSuitesLocally(TestNG.java:1228)\r\n org.testng.TestNG.runSuites(TestNG.java:1134)\r\n org.testng.TestNG.run(TestNG.java:1101)\r\n com.intellij.rt.testng.IDEARemoteTestNG.run(IDEARemoteTestNG.java:65)\r\n com.intellij.rt.testng.RemoteTestNGStarter.main(RemoteTestNGStarter.java:105)\r\n\r\nCaused by: org.openqa.selenium.TimeoutException: Expected condition failed: waiting for com.shaft.gui.element.internal.ElementActionsHelper$$Lambda/0x000001809d7294d8@5dc9cb99 (tried for 60 second(s) with 100 milliseconds interval)\r\n org.openqa.selenium.support.ui.FluentWait.timeoutException(FluentWait.java:261)\r\n org.openqa.selenium.support.ui.FluentWait.until(FluentWait.java:229)\r\n com.shaft.gui.element.internal.ElementActionsHelper.waitForElementPresence(ElementActionsHelper.java:176)\r\n com.shaft.gui.element.internal.ElementActionsHelper.getMatchingElementsInformation(ElementActionsHelper.java:1000)\r\n com.shaft.gui.element.internal.ElementActionsHelper.identifyUniqueElement(ElementActionsHelper.java:963)\r\n com.shaft.gui.element.internal.ElementActionsHelper.identifyUniqueElementIgnoringVisibility(ElementActionsHelper.java:958)\r\n com.shaft.gui.element.ElementActions.getText(ElementActions.java:495)\r\n com.shaft.validation.internal.ValidationsHelper.validateElementAttribute(ValidationsHelper.java:152)\r\n com.shaft.validation.internal.ValidationsExecutor.performValidation(ValidationsExecutor.java:164)\r\n com.shaft.validation.internal.ValidationsExecutor.perform(ValidationsExecutor.java:146)\r\n CheckOutTests.CheckoutTest.loginBeforeCheckoutTc16(CheckoutTest.java:79)\r\n java.base/jdk.internal.reflect.DirectMethodHandleAccessor.invoke(DirectMethodHandleAccessor.java:103)\r\n java.base/java.lang.reflect.Method.invoke(Method.java:580)\r\n org.testng.internal.invokers.MethodInvocationHelper.invokeMethod(MethodInvocationHelper.java:139)\r\n org.testng.internal.invokers.TestInvoker.invokeMethod(TestInvoker.java:664)\r\n org.testng.internal.invokers.TestInvoker.invokeTestMethod(TestInvoker.java:228)\r\n org.testng.internal.invokers.MethodRunner.runInSequence(MethodRunner.java:63)\r\n org.testng.internal.invokers.TestInvoker$MethodInvocationAgent.invoke(TestInvoker.java:961)\r\n org.testng.internal.invokers.TestInvoker.invokeTestMethods(TestInvoker.java:201)\r\n org.testng.internal.invokers.TestMethodWorker.invokeTestMethods(TestMethodWorker.java:148)\r\n org.testng.internal.invokers.TestMethodWorker.run(TestMethodWorker.java:128)\r\n java.base/java.util.ArrayList.forEach(ArrayList.java:1596)\r\n org.testng.TestRunner.privateRun(TestRunner.java:819)\r\n org.testng.TestRunner.run(TestRunner.java:619)\r\n org.testng.SuiteRunner.runTest(SuiteRunner.java:443)\r\n org.testng.SuiteRunner.runSequentially(SuiteRunner.java:437)\r\n org.testng.SuiteRunner.privateRun(SuiteRunner.java:397)\r\n org.testng.SuiteRunner.run(SuiteRunner.java:336)\r\n org.testng.SuiteRunnerWorker.runSuite(SuiteRunnerWorker.java:52)\r\n org.testng.SuiteRunnerWorker.run(SuiteRunnerWorker.java:95)\r\n org.testng.TestNG.runSuitesSequentially(TestNG.java:1301)\r\n org.testng.TestNG.runSuitesLocally(TestNG.java:1228)\r\n org.testng.TestNG.runSuites(TestNG.java:1134)\r\n org.testng.TestNG.run(TestNG.java:1101)\r\n com.intellij.rt.testng.IDEARemoteTestNG.run(IDEARemoteTestNG.java:65)\r\n com.intellij.rt.testng.RemoteTestNGStarter.main(RemoteTestNGStarter.java:105)\r\n\r\nCaused by: org.openqa.selenium.NoSuchElementException: Unable to locate element: /html/body/section/div/div[3]/div/div[2]/form/div[4]/div/div\nFor documentation on this error, please visit: https://www.selenium.dev/documentation/webdriver/troubleshooting/errors#no-such-element-exception\nBuild info: version: '4.16.1', revision: '9b4c83354e'\nSystem info: os.name: 'Windows 10', os.arch: 'amd64', os.version: '10.0', java.version: '21.0.2'\nDriver info: org.openqa.selenium.firefox.FirefoxDriver\nCommand: [75a5fb93-94b4-43d5-aeb3-df0678a7beb8, findElement {using=xpath, value=/html/body/section/div/div[3]/div/div[2]/form/div[4]/div/div}]\nCapabilities {acceptInsecureCerts: true, browserName: firefox, browserVersion: 122.0.1, moz:accessibilityChecks: false, moz:buildID: 20240205133611, moz:debuggerAddress: 127.0.0.1:11768, moz:geckodriverVersion: 0.34.0, moz:headless: false, moz:platformVersion: 10.0, moz:processID: 14076, moz:profile: C:\\Users\\SARA~1.OMA\\AppData..., moz:shutdownTimeout: 60000, moz:webdriverClick: true, moz:windowless: false, pageLoadStrategy: normal, platformName: windows, proxy: Proxy(), se:cdp: ws://127.0.0.1:11768/devtoo..., se:cdpVersion: 85.0, setWindowRect: true, strictFileInteractability: false, timeouts: {implicit: 0, pageLoad: 60000, script: 60000}, unhandledPromptBehavior: dismiss and notify, webSocketUrl: ws://127.0.0.1:11768/sessio...}\nSession ID: 75a5fb93-94b4-43d5-aeb3-df0678a7beb8\r\n java.base/jdk.internal.reflect.DirectConstructorHandleAccessor.newInstance(DirectConstructorHandleAccessor.java:62)\r\n java.base/java.lang.reflect.Constructor.newInstanceWithCaller(Constructor.java:502)\r\n java.base/java.lang.reflect.Constructor.newInstance(Constructor.java:486)\r\n org.openqa.selenium.remote.codec.w3c.W3CHttpResponseCodec.createException(W3CHttpResponseCodec.java:200)\r\n org.openqa.selenium.remote.codec.w3c.W3CHttpResponseCodec.decode(W3CHttpResponseCodec.java:133)\r\n org.openqa.selenium.remote.codec.w3c.W3CHttpResponseCodec.decode(W3CHttpResponseCodec.java:52)\r\n org.openqa.selenium.remote.HttpCommandExecutor.execute(HttpCommandExecutor.java:191)\r\n org.openqa.selenium.remote.service.DriverCommandExecutor.invokeExecute(DriverCommandExecutor.java:200)\r\n org.openqa.selenium.remote.service.DriverCommandExecutor.execute(DriverCommandExecutor.java:175)\r\n org.openqa.selenium.remote.RemoteWebDriver.execute(RemoteWebDriver.java:523)\r\n org.openqa.selenium.remote.ElementLocation$ElementFinder$2.findElement(ElementLocation.java:165)\r\n org.openqa.selenium.remote.ElementLocation.findElement(ElementLocation.java:59)\r\n org.openqa.selenium.remote.RemoteWebDriver.findElement(RemoteWebDriver.java:360)\r\n org.openqa.selenium.remote.RemoteWebDriver.findElement(RemoteWebDriver.java:354)\r\n com.shaft.gui.element.internal.ElementActionsHelper.lambda$waitForElementPresence$0(ElementActionsHelper.java:190)\r\n org.openqa.selenium.support.ui.FluentWait.until(FluentWait.java:204)\r\n com.shaft.gui.element.internal.ElementActionsHelper.waitForElementPresence(ElementActionsHelper.java:176)\r\n com.shaft.gui.element.internal.ElementActionsHelper.getMatchingElementsInformation(ElementActionsHelper.java:1000)\r\n com.shaft.gui.element.internal.ElementActionsHelper.identifyUniqueElement(ElementActionsHelper.java:963)\r\n com.shaft.gui.element.internal.ElementActionsHelper.identifyUniqueElementIgnoringVisibility(ElementActionsHelper.java:958)\r\n com.shaft.gui.element.ElementActions.getText(ElementActions.java:495)\r\n com.shaft.validation.internal.ValidationsHelper.validateElementAttribute(ValidationsHelper.java:152)\r\n com.shaft.validation.internal.ValidationsExecutor.performValidation(ValidationsExecutor.java:164)\r\n com.shaft.validation.internal.ValidationsExecutor.perform(ValidationsExecutor.java:146)\r\n CheckOutTests.CheckoutTest.loginBeforeCheckoutTc16(CheckoutTest.java:79)\r\n java.base/jdk.internal.reflect.DirectMethodHandleAccessor.invoke(DirectMethodHandleAccessor.java:103)\r\n java.base/java.lang.reflect.Method.invoke(Method.java:580)\r\n org.testng.internal.invokers.MethodInvocationHelper.invokeMethod(MethodInvocationHelper.java:139)\r\n org.testng.internal.invokers.TestInvoker.invokeMethod(TestInvoker.java:664)\r\n org.testng.internal.invokers.TestInvoker.invokeTestMethod(TestInvoker.java:228)\r\n org.testng.internal.invokers.MethodRunner.runInSequence(MethodRunner.java:63)\r\n org.testng.internal.invokers.TestInvoker$MethodInvocationAgent.invoke(TestInvoker.java:961)\r\n org.testng.internal.invokers.TestInvoker.invokeTestMethods(TestInvoker.java:201)\r\n org.testng.internal.invokers.TestMethodWorker.invokeTestMethods(TestMethodWorker.java:148)\r\n org.testng.internal.invokers.TestMethodWorker.run(TestMethodWorker.java:128)\r\n java.base/java.util.ArrayList.forEach(ArrayList.java:1596)\r\n org.testng.TestRunner.privateRun(TestRunner.java:819)\r\n org.testng.TestRunner.run(TestRunner.java:619)\r\n org.testng.SuiteRunner.runTest(SuiteRunner.java:443)\r\n org.testng.SuiteRunner.runSequentially(SuiteRunner.java:437)\r\n org.testng.SuiteRunner.privateRun(SuiteRunner.java:397)\r\n org.testng.SuiteRunner.run(SuiteRunner.java:336)\r\n org.testng.SuiteRunnerWorker.runSuite(SuiteRunnerWorker.java:52)\r\n org.testng.SuiteRunnerWorker.run(SuiteRunnerWorker.java:95)\r\n org.testng.TestNG.runSuitesSequentially(TestNG.java:1301)\r\n org.testng.TestNG.runSuitesLocally(TestNG.java:1228)\r\n org.testng.TestNG.runSuites(TestNG.java:1134)\r\n org.testng.TestNG.run(TestNG.java:1101)\r\n com.intellij.rt.testng.IDEARemoteTestNG.run(IDEARemoteTestNG.java:65)\r\n com.intellij.rt.testng.RemoteTestNGStarter.main(RemoteTestNGStarter.java:105)\r\n]]"},{"name":"status","value":"FAIL"}],"start":1707730894756,"stop":1707730894766}],"attachments":[],"parameters":[],"start":1707730832359,"stop":1707730894768}],"attachments":[{"name":"SHAFT Engine Logs - Current Method log: loginBeforeCheckoutTc16","source":"f3b4cf04-3a4f-449c-a222-c1e8fa408351-attachment.txt","type":"text/plain"}],"parameters":[],"start":1707730806051,"stop":1707730894787}